<?xml version="1.0" encoding="UTF-8"?>
<!-- Generated by org.testng.reporters.JUnitReportReporter -->
<testsuite hostname="DESKTOP-8CDRF3F" name="springmvc.model.dao.DepartmentDaoTest" tests="1" failures="0" timestamp="2 Feb 2016 05:38:50 GMT" time="0.054" errors="0">
  <testcase name="getDepartment" time="0.054" classname="springmvc.model.dao.DepartmentDaoTest"/>
</testsuite> <!-- springmvc.model.dao.DepartmentDaoTest -->
