<?xml version="1.0" encoding="UTF-8"?>
<!-- Generated by org.testng.reporters.JUnitReportReporter -->
<testsuite hostname="DESKTOP-8CDRF3F" name="springmvc.model.dao.UserTypeDaoTest" tests="1" failures="0" timestamp="16 Feb 2016 07:45:29 GMT" time="0.418" errors="0">
  <testcase name="getUserType" time="0.418" classname="springmvc.model.dao.UserTypeDaoTest"/>
</testsuite> <!-- springmvc.model.dao.UserTypeDaoTest -->
