<?xml version="1.0" encoding="UTF-8"?>
<!-- Generated by org.testng.reporters.JUnitReportReporter -->
<testsuite hostname="DESKTOP-8CDRF3F" name="springmvc.model.dao.UserDaoTest" tests="1" failures="0" timestamp="2 Feb 2016 05:37:11 GMT" time="0.542" errors="0">
  <testcase name="getUser" time="0.542" classname="springmvc.model.dao.UserDaoTest"/>
</testsuite> <!-- springmvc.model.dao.UserDaoTest -->
