<?xml version="1.0" encoding="UTF-8"?>
<!-- Generated by org.testng.reporters.JUnitReportReporter -->
<testsuite hostname="DESKTOP-8CDRF3F" name="springmvc.model.dao.ApplicationDaoTest" tests="1" failures="0" timestamp="16 Feb 2016 07:36:08 GMT" time="0.389" errors="0">
  <testcase name="getApplication" time="0.389" classname="springmvc.model.dao.ApplicationDaoTest"/>
</testsuite> <!-- springmvc.model.dao.ApplicationDaoTest -->
